To use retry middleware with Faraday v2.0+, install `faraday-retry` gem
bundler: failed to load command: jekyll (/Users/siddh/code/siddhss5.github.io/vendor/bundle/ruby/2.6.0/bin/jekyll)
LoadError: cannot load such file -- nokogiri/nokogiri
  /Users/siddh/code/siddhss5.github.io/vendor/bundle/ruby/2.6.0/gems/nokogiri-1.13.10-x86_64-darwin/lib/nokogiri/extension.rb:30:in `require'
  /Users/siddh/code/siddhss5.github.io/vendor/bundle/ruby/2.6.0/gems/nokogiri-1.13.10-x86_64-darwin/lib/nokogiri/extension.rb:30:in `rescue in <top (required)>'
  /Users/siddh/code/siddhss5.github.io/vendor/bundle/ruby/2.6.0/gems/nokogiri-1.13.10-x86_64-darwin/lib/nokogiri/extension.rb:4:in `<top (required)>'
  /Users/siddh/code/siddhss5.github.io/vendor/bundle/ruby/2.6.0/gems/nokogiri-1.13.10-x86_64-darwin/lib/nokogiri.rb:10:in `require_relative'
  /Users/siddh/code/siddhss5.github.io/vendor/bundle/ruby/2.6.0/gems/nokogiri-1.13.10-x86_64-darwin/lib/nokogiri.rb:10:in `<top (required)>'
  /Users/siddh/code/siddhss5.github.io/vendor/bundle/ruby/2.6.0/gems/html-pipeline-2.14.3/lib/html/pipeline.rb:3:in `require'
  /Users/siddh/code/siddhss5.github.io/vendor/bundle/ruby/2.6.0/gems/html-pipeline-2.14.3/lib/html/pipeline.rb:3:in `<top (required)>'
  /Users/siddh/code/siddhss5.github.io/vendor/bundle/ruby/2.6.0/gems/jemoji-0.13.0/lib/jemoji.rb:4:in `require'
  /Users/siddh/code/siddhss5.github.io/vendor/bundle/ruby/2.6.0/gems/jemoji-0.13.0/lib/jemoji.rb:4:in `<top (required)>'
  /System/Library/Frameworks/Ruby.framework/Versions/2.6/usr/lib/ruby/2.6.0/bundler/runtime.rb:81:in `require'
  /System/Library/Frameworks/Ruby.framework/Versions/2.6/usr/lib/ruby/2.6.0/bundler/runtime.rb:81:in `block (2 levels) in require'
  /System/Library/Frameworks/Ruby.framework/Versions/2.6/usr/lib/ruby/2.6.0/bundler/runtime.rb:76:in `each'
  /System/Library/Frameworks/Ruby.framework/Versions/2.6/usr/lib/ruby/2.6.0/bundler/runtime.rb:76:in `block in require'
  /System/Library/Frameworks/Ruby.framework/Versions/2.6/usr/lib/ruby/2.6.0/bundler/runtime.rb:65:in `each'
  /System/Library/Frameworks/Ruby.framework/Versions/2.6/usr/lib/ruby/2.6.0/bundler/runtime.rb:65:in `require'
  /System/Library/Frameworks/Ruby.framework/Versions/2.6/usr/lib/ruby/2.6.0/bundler.rb:114:in `require'
  /Users/siddh/code/siddhss5.github.io/vendor/bundle/ruby/2.6.0/gems/jekyll-3.9.5/lib/jekyll/plugin_manager.rb:51:in `require_from_bundler'
  /Users/siddh/code/siddhss5.github.io/vendor/bundle/ruby/2.6.0/gems/jekyll-3.9.5/exe/jekyll:11:in `<top (required)>'
  /Users/siddh/code/siddhss5.github.io/vendor/bundle/ruby/2.6.0/bin/jekyll:23:in `load'
  /Users/siddh/code/siddhss5.github.io/vendor/bundle/ruby/2.6.0/bin/jekyll:23:in `<top (required)>'
